2026-06-20 10:44:04,599 - DEBUG - Starting new HTTPS connection (1): serpapi.com:443
2026-06-20 10:44:08,661 - DEBUG - https://serpapi.com:443 "GET /search?q=bbbbbbbbb+filetype%3Apdf&api_key=fdb20e84adcafd76bfed7714bf3dbff659c6deaa19193d4bc0c5697ceadd83cf&engine=google&num=20&start=0&output=json HTTP/1.1" 200 None
2026-06-20 10:44:08,670 - DEBUG - Starting new HTTPS connection (1): serpapi.com:443
2026-06-20 10:44:12,158 - DEBUG - https://serpapi.com:443 "GET /search?q=bbbbbbbbb+filetype%3Apdf&api_key=fdb20e84adcafd76bfed7714bf3dbff659c6deaa19193d4bc0c5697ceadd83cf&engine=google&num=20&start=20&output=json HTTP/1.1" 200 None
2026-06-20 10:44:12,178 - DEBUG - Starting new HTTPS connection (1): serpapi.com:443
2026-06-20 10:44:17,848 - DEBUG - https://serpapi.com:443 "GET /search?q=bbbbbbbbb+filetype%3Apdf&api_key=fdb20e84adcafd76bfed7714bf3dbff659c6deaa19193d4bc0c5697ceadd83cf&engine=google&num=20&start=40&output=json HTTP/1.1" 200 None
2026-06-20 10:54:50,873 - DEBUG - Starting new HTTPS connection (1): serpapi.com:443
2026-06-20 10:55:24,132 - ERROR - Error occurred while searching: HTTPSConnectionPool(host='serpapi.com', port=443): Read timed out. (read timeout=30)
2026-06-20 10:55:39,307 - DEBUG - Starting new HTTPS connection (1): serpapi.com:443
2026-06-20 10:55:55,026 - DEBUG - https://serpapi.com:443 "GET /search?q=networker+in+the+world+filetype%3Apdf&api_key=fdb20e84adcafd76bfed7714bf3dbff659c6deaa19193d4bc0c5697ceadd83cf&engine=google&num=20&start=0&output=json HTTP/1.1" 200 None
2026-06-20 10:55:55,045 - DEBUG - Starting new HTTPS connection (1): serpapi.com:443
2026-06-20 10:56:09,107 - DEBUG - https://serpapi.com:443 "GET /search?q=networker+in+the+world+filetype%3Apdf&api_key=fdb20e84adcafd76bfed7714bf3dbff659c6deaa19193d4bc0c5697ceadd83cf&engine=google&num=20&start=20&output=json HTTP/1.1" 200 None
2026-06-20 10:56:09,127 - DEBUG - Starting new HTTPS connection (1): serpapi.com:443
2026-06-20 10:58:20,595 - DEBUG - Starting new HTTPS connection (1): serpapi.com:443
2026-06-20 10:58:28,712 - DEBUG - https://serpapi.com:443 "GET /search?q=him+filetype%3Apdf&api_key=fdb20e84adcafd76bfed7714bf3dbff659c6deaa19193d4bc0c5697ceadd83cf&engine=google&num=20&start=0&output=json HTTP/1.1" 200 None
2026-06-20 10:58:28,722 - DEBUG - Starting new HTTPS connection (1): serpapi.com:443
2026-06-20 10:58:40,023 - DEBUG - https://serpapi.com:443 "GET /search?q=him+filetype%3Apdf&api_key=fdb20e84adcafd76bfed7714bf3dbff659c6deaa19193d4bc0c5697ceadd83cf&engine=google&num=20&start=20&output=json HTTP/1.1" 200 None
2026-06-20 10:58:40,039 - DEBUG - Starting new HTTPS connection (1): serpapi.com:443
2026-06-20 10:58:54,507 - DEBUG - https://serpapi.com:443 "GET /search?q=him+filetype%3Apdf&api_key=fdb20e84adcafd76bfed7714bf3dbff659c6deaa19193d4bc0c5697ceadd83cf&engine=google&num=20&start=40&output=json HTTP/1.1" 200 None
2026-06-20 10:59:03,613 - DEBUG - Starting new HTTPS connection (1): www.anoisewithin.org:443
2026-06-20 10:59:06,369 - DEBUG - https://www.anoisewithin.org:443 "GET /wp-content/uploads/2017/01/Im-Only-Thinking-of-Him.pdf HTTP/1.1" 200 None
2026-06-20 10:59:22,735 - DEBUG - Starting new HTTPS connection (1): www.anoisewithin.org:443
2026-06-20 10:59:28,509 - DEBUG - Starting new HTTPS connection (1): trulygreensolutions.com:443
2026-06-20 10:59:32,469 - DEBUG - https://www.anoisewithin.org:443 "GET /wp-content/uploads/2017/01/Im-Only-Thinking-of-Him.pdf HTTP/1.1" 200 None
2026-06-20 10:59:39,687 - ERROR - Error previewing PDF: HTTPSConnectionPool(host='trulygreensolutions.com', port=443): Max retries exceeded with url: /downloads/m-240/e2b7c022a32c499ba737521191afbcb2/himmel-under-cabinet-lighting-spec.pdf (Caused by NameResolutionError("HTTPSConnection(host='trulygreensolutions.com', port=443): Failed to resolve 'trulygreensolutions.com' ([Errno 11001] getaddrinfo failed)"))
2026-06-20 10:59:43,206 - ERROR - Error previewing PDF: HTTPSConnectionPool(host='www.anoisewithin.org', port=443): Read timed out.
2026-06-20 10:59:50,681 - DEBUG - Starting new HTTPS connection (1): www.anoisewithin.org:443
2026-06-20 10:59:53,203 - DEBUG - Starting new HTTPS connection (1): www.anoisewithin.org:443
2026-06-20 10:59:53,204 - DEBUG - Starting new HTTPS connection (1): www.anoisewithin.org:443
2026-06-20 10:59:56,465 - DEBUG - https://www.anoisewithin.org:443 "GET /wp-content/uploads/2017/01/Im-Only-Thinking-of-Him.pdf HTTP/1.1" 200 None
2026-06-20 10:59:56,770 - DEBUG - https://www.anoisewithin.org:443 "GET /wp-content/uploads/2017/01/Im-Only-Thinking-of-Him.pdf HTTP/1.1" 200 None
2026-06-20 10:59:56,771 - DEBUG - https://www.anoisewithin.org:443 "GET /wp-content/uploads/2017/01/Im-Only-Thinking-of-Him.pdf HTTP/1.1" 200 None
2026-06-20 11:00:02,482 - ERROR - Error previewing PDF: HTTPSConnectionPool(host='www.anoisewithin.org', port=443): Read timed out.
2026-06-20 11:00:12,418 - DEBUG - Starting new HTTPS connection (1): trulygreensolutions.com:443
2026-06-20 11:00:17,706 - DEBUG - https://trulygreensolutions.com:443 "GET /downloads/m-240/e2b7c022a32c499ba737521191afbcb2/himmel-under-cabinet-lighting-spec.pdf HTTP/1.1" 200 1289709
2026-06-20 11:01:03,557 - ERROR - Error previewing PDF: HTTPSConnectionPool(host='www.anoisewithin.org', port=443): Read timed out.
2026-06-20 11:01:03,569 - DEBUG - Starting new HTTPS connection (1): trulygreensolutions.com:443
2026-06-20 11:01:10,837 - ERROR - Error previewing PDF: HTTPSConnectionPool(host='trulygreensolutions.com', port=443): Read timed out.
2026-06-20 11:01:10,846 - DEBUG - Starting new HTTPS connection (1): trulygreensolutions.com:443
2026-06-20 11:01:13,211 - DEBUG - https://trulygreensolutions.com:443 "GET /downloads/m-240/e2b7c022a32c499ba737521191afbcb2/himmel-under-cabinet-lighting-spec.pdf HTTP/1.1" 200 1289709
2026-06-20 11:01:20,815 - ERROR - Error previewing PDF: HTTPSConnectionPool(host='www.anoisewithin.org', port=443): Read timed out.
2026-06-20 11:01:20,828 - DEBUG - Starting new HTTPS connection (1): trulygreensolutions.com:443
2026-06-20 11:01:32,416 - DEBUG - https://trulygreensolutions.com:443 "GET /downloads/m-240/e2b7c022a32c499ba737521191afbcb2/himmel-under-cabinet-lighting-spec.pdf HTTP/1.1" 200 1289709
2026-06-20 11:02:12,091 - DEBUG - https://trulygreensolutions.com:443 "GET /downloads/m-240/e2b7c022a32c499ba737521191afbcb2/himmel-under-cabinet-lighting-spec.pdf HTTP/1.1" 200 1289709
2026-06-20 11:02:13,127 - ERROR - Error previewing PDF: HTTPSConnectionPool(host='trulygreensolutions.com', port=443): Read timed out.
2026-06-20 11:30:16,416 - DEBUG - Starting new HTTPS connection (1): serpapi.com:443
2026-06-20 11:30:22,828 - DEBUG - https://serpapi.com:443 "GET /search?q=hu+filetype%3Apdf&api_key=fdb20e84adcafd76bfed7714bf3dbff659c6deaa19193d4bc0c5697ceadd83cf&engine=google&num=20&start=0&output=json HTTP/1.1" 200 None
2026-06-20 11:30:22,833 - DEBUG - Starting new HTTPS connection (1): serpapi.com:443
2026-06-20 11:30:26,960 - DEBUG - https://serpapi.com:443 "GET /search?q=hu+filetype%3Apdf&api_key=fdb20e84adcafd76bfed7714bf3dbff659c6deaa19193d4bc0c5697ceadd83cf&engine=google&num=20&start=20&output=json HTTP/1.1" 200 None
2026-06-20 11:30:26,964 - DEBUG - Starting new HTTPS connection (1): serpapi.com:443
2026-06-20 11:30:29,827 - DEBUG - https://serpapi.com:443 "GET /search?q=hu+filetype%3Apdf&api_key=fdb20e84adcafd76bfed7714bf3dbff659c6deaa19193d4bc0c5697ceadd83cf&engine=google&num=20&start=40&output=json HTTP/1.1" 200 None
2026-06-20 11:31:12,875 - DEBUG - Starting new HTTPS connection (1): apps.dtic.mil:443
2026-06-20 11:31:14,599 - DEBUG - Starting new HTTPS connection (1): www.bklighting.com:443
2026-06-20 11:31:18,976 - DEBUG - https://www.bklighting.com:443 "GET /documents/spec-sheet/HU-FL-LID-LCB-AL-RO-RK-TKM-CE-OOTH-120-spec-sheet.pdf HTTP/1.1" 200 399230
2026-06-20 11:31:22,260 - ERROR - Error previewing PDF: ('Connection aborted.', RemoteDisconnected('Remote end closed connection without response'))
2026-06-20 11:31:29,206 - DEBUG - Starting new HTTPS connection (1): lup.lub.lu.se:443
2026-06-20 11:31:33,884 - DEBUG - Starting new HTTPS connection (1): catalog.purdueglobal.edu:443
2026-06-20 11:31:37,016 - DEBUG - https://catalog.purdueglobal.edu:443 "GET /undergraduate/course-descriptions/hu/hu.pdf HTTP/1.1" 200 60382
2026-06-20 11:31:37,171 - DEBUG - Starting new HTTPS connection (1): apps.dtic.mil:443
2026-06-20 11:31:37,978 - ERROR - Error previewing PDF: Unable to get page count. Is poppler installed and in PATH?
2026-06-20 11:31:38,844 - DEBUG - https://apps.dtic.mil:443 "GET /sti/tr/pdf/ADA599540.pdf HTTP/1.1" 403 15
2026-06-20 11:31:38,848 - ERROR - Error previewing PDF: Unable to get page count. Is poppler installed and in PATH?
2026-06-20 11:31:40,972 - DEBUG - Starting new HTTPS connection (1): apps.dtic.mil:443
2026-06-20 11:31:40,976 - DEBUG - Starting new HTTPS connection (1): apps.dtic.mil:443
2026-06-20 11:31:43,296 - DEBUG - https://apps.dtic.mil:443 "GET /sti/tr/pdf/ADA599540.pdf HTTP/1.1" 403 15
2026-06-20 11:31:43,998 - DEBUG - https://apps.dtic.mil:443 "GET /sti/tr/pdf/ADA599540.pdf HTTP/1.1" 403 15
2026-06-20 11:31:44,003 - ERROR - Error previewing PDF: Unable to get page count. Is poppler installed and in PATH?
2026-06-20 11:31:44,813 - DEBUG - https://lup.lub.lu.se:443 "GET /search/files/216938576/Tianyi_Hu_Lucris.pdf HTTP/1.1" 200 None
2026-06-20 11:31:45,463 - DEBUG - Starting new HTTPS connection (1): stipendiumhungaricum.hu:443
2026-06-20 11:31:46,604 - DEBUG - Starting new HTTPS connection (1): stipendiumhungaricum.hu:443
2026-06-20 11:31:57,317 - DEBUG - https://stipendiumhungaricum.hu:443 "GET /wp-content/uploads/2025/11/SEGIB_Pacific_KRG_framework_guide.pdf HTTP/1.1" 200 337659
2026-06-20 11:32:02,737 - ERROR - Error previewing PDF: Unable to get page count. Is poppler installed and in PATH?
2026-06-20 11:32:02,740 - DEBUG - Starting new HTTPS connection (1): stipendiumhungaricum.hu:443
2026-06-20 11:32:03,952 - DEBUG - https://stipendiumhungaricum.hu:443 "GET /wp-content/uploads/2025/11/SEGIB_Pacific_KRG_framework_guide.pdf HTTP/1.1" 200 337659
2026-06-20 11:32:04,094 - DEBUG - https://stipendiumhungaricum.hu:443 "GET /wp-content/uploads/2025/11/SEGIB_Pacific_KRG_framework_guide.pdf HTTP/1.1" 200 337659
2026-06-20 11:32:04,725 - ERROR - Error previewing PDF: Unable to get page count. Is poppler installed and in PATH?
2026-06-20 11:32:04,729 - DEBUG - Starting new HTTPS connection (1): stipendiumhungaricum.hu:443
2026-06-20 11:32:05,144 - DEBUG - Starting new HTTPS connection (1): stipendiumhungaricum.hu:443
2026-06-20 11:32:05,955 - DEBUG - https://stipendiumhungaricum.hu:443 "GET /wp-content/uploads/2025/11/SEGIB_Pacific_KRG_framework_guide.pdf HTTP/1.1" 200 337659
2026-06-20 11:32:06,712 - DEBUG - https://stipendiumhungaricum.hu:443 "GET /wp-content/uploads/2025/11/SEGIB_Pacific_KRG_framework_guide.pdf HTTP/1.1" 200 337659
2026-06-20 11:32:06,748 - ERROR - Error previewing PDF: Unable to get page count. Is poppler installed and in PATH?
2026-06-20 11:32:06,752 - DEBUG - Starting new HTTPS connection (1): stipendiumhungaricum.hu:443
2026-06-20 11:32:07,612 - DEBUG - Starting new HTTPS connection (1): stipendiumhungaricum.hu:443
2026-06-20 11:32:07,747 - ERROR - Error previewing PDF: Unable to get page count. Is poppler installed and in PATH?
2026-06-20 11:32:07,750 - DEBUG - Starting new HTTPS connection (1): www.aapm.org:443
2026-06-20 11:32:07,965 - DEBUG - https://stipendiumhungaricum.hu:443 "GET /wp-content/uploads/2025/11/SEGIB_Pacific_KRG_framework_guide.pdf HTTP/1.1" 200 337659
2026-06-20 11:32:08,695 - DEBUG - https://stipendiumhungaricum.hu:443 "GET /wp-content/uploads/2025/11/SEGIB_Pacific_KRG_framework_guide.pdf HTTP/1.1" 200 337659
2026-06-20 11:32:08,703 - ERROR - Error previewing PDF: Unable to get page count. Is poppler installed and in PATH?
2026-06-20 11:32:08,711 - DEBUG - Starting new HTTPS connection (1): www.aapm.org:443
2026-06-20 11:32:09,881 - DEBUG - Starting new HTTPS connection (1): www.aapm.org:443
2026-06-20 11:32:10,921 - DEBUG - https://www.aapm.org:443 "GET /meetings/99AM/pdf/2271-63554.pdf HTTP/1.1" 200 3034
2026-06-20 11:32:10,926 - ERROR - Error previewing PDF: Unable to get page count. Is poppler installed and in PATH?
2026-06-20 11:32:10,933 - DEBUG - Starting new HTTPS connection (1): www.aapm.org:443
2026-06-20 11:32:11,240 - DEBUG - https://www.aapm.org:443 "GET /meetings/99AM/pdf/2271-63554.pdf HTTP/1.1" 200 3034
2026-06-20 11:32:11,245 - ERROR - Error previewing PDF: Unable to get page count. Is poppler installed and in PATH?
2026-06-20 11:32:11,249 - DEBUG - Starting new HTTPS connection (1): lup.lub.lu.se:443
2026-06-20 11:32:11,865 - DEBUG - https://www.aapm.org:443 "GET /meetings/99AM/pdf/2271-63554.pdf HTTP/1.1" 200 3034
2026-06-20 11:32:11,896 - DEBUG - Starting new HTTPS connection (1): lup.lub.lu.se:443
2026-06-20 11:32:12,169 - ERROR - Error previewing PDF: Unable to get page count. Is poppler installed and in PATH?
2026-06-20 11:32:12,186 - DEBUG - Starting new HTTPS connection (1): lup.lub.lu.se:443
2026-06-20 11:32:14,295 - DEBUG - https://lup.lub.lu.se:443 "GET /search/files/216938576/Tianyi_Hu_Lucris.pdf HTTP/1.1" 200 None
2026-06-20 11:32:14,889 - DEBUG - https://lup.lub.lu.se:443 "GET /search/files/216938576/Tianyi_Hu_Lucris.pdf HTTP/1.1" 200 None
2026-06-20 11:32:16,283 - DEBUG - https://www.aapm.org:443 "GET /meetings/99AM/pdf/2271-63554.pdf HTTP/1.1" 200 3034
2026-06-20 11:32:16,285 - ERROR - PDF validation failed: Cannot read an empty file
2026-06-20 11:32:16,293 - DEBUG - Starting new HTTPS connection (1): lup.lub.lu.se:443
2026-06-20 11:32:18,522 - DEBUG - https://lup.lub.lu.se:443 "GET /search/files/216938576/Tianyi_Hu_Lucris.pdf HTTP/1.1" 200 None
2026-06-20 11:32:18,524 - ERROR - PDF validation failed: Cannot read an empty file
2026-06-20 11:32:18,527 - DEBUG - Starting new HTTPS connection (1): lup.lub.lu.se:443
2026-06-20 11:32:22,199 - DEBUG - https://lup.lub.lu.se:443 "GET /search/files/216938576/Tianyi_Hu_Lucris.pdf HTTP/1.1" 200 None
2026-06-20 11:32:48,830 - ERROR - Error previewing PDF: HTTPSConnectionPool(host='lup.lub.lu.se', port=443): Read timed out.
2026-06-20 11:32:48,834 - DEBUG - Starting new HTTPS connection (1): lup.lub.lu.se:443
2026-06-20 11:32:50,235 - DEBUG - Starting new HTTPS connection (1): lup.lub.lu.se:443
2026-06-20 11:32:52,295 - DEBUG - https://lup.lub.lu.se:443 "GET /search/files/216938576/Tianyi_Hu_Lucris.pdf HTTP/1.1" 200 None
2026-06-20 11:32:53,141 - DEBUG - https://lup.lub.lu.se:443 "GET /search/files/216938576/Tianyi_Hu_Lucris.pdf HTTP/1.1" 200 None
2026-06-20 11:33:16,994 - ERROR - Error previewing PDF: Unable to get page count. Is poppler installed and in PATH?
2026-06-20 11:33:17,004 - DEBUG - Starting new HTTPS connection (1): lup.lub.lu.se:443
2026-06-20 11:33:19,457 - DEBUG - https://lup.lub.lu.se:443 "GET /search/files/216938576/Tianyi_Hu_Lucris.pdf HTTP/1.1" 200 None
2026-06-20 11:33:39,704 - ERROR - Error previewing PDF: Unable to get page count. Is poppler installed and in PATH?
2026-06-20 11:34:26,348 - ERROR - PDF validation failed: EOF marker not found
2026-06-20 12:46:32,897 - DEBUG - Starting new HTTPS connection (1): serpapi.com:443
2026-06-20 12:46:36,925 - DEBUG - https://serpapi.com:443 "GET /search?q=jim+rohn+filetype%3Apdf&api_key=fdb20e84adcafd76bfed7714bf3dbff659c6deaa19193d4bc0c5697ceadd83cf&engine=google&num=20&start=0&output=json HTTP/1.1" 200 None
2026-06-20 12:46:36,930 - DEBUG - Starting new HTTPS connection (1): serpapi.com:443
2026-06-20 12:46:43,700 - DEBUG - https://serpapi.com:443 "GET /search?q=jim+rohn+filetype%3Apdf&api_key=fdb20e84adcafd76bfed7714bf3dbff659c6deaa19193d4bc0c5697ceadd83cf&engine=google&num=20&start=20&output=json HTTP/1.1" 200 None
2026-06-20 12:46:43,711 - DEBUG - Starting new HTTPS connection (1): serpapi.com:443
2026-06-20 12:46:54,369 - DEBUG - https://serpapi.com:443 "GET /search?q=jim+rohn+filetype%3Apdf&api_key=fdb20e84adcafd76bfed7714bf3dbff659c6deaa19193d4bc0c5697ceadd83cf&engine=google&num=20&start=40&output=json HTTP/1.1" 200 None
2026-06-20 12:47:15,392 - DEBUG - Starting new HTTPS connection (1): davidhason.com:443
2026-06-20 12:47:18,322 - DEBUG - Starting new HTTPS connection (1): davidhason.com:443
2026-06-20 12:47:18,325 - DEBUG - Starting new HTTPS connection (1): davidhason.com:443
2026-06-20 12:47:18,426 - DEBUG - https://davidhason.com:443 "GET /wp-content/uploads/2024/01/The-Jim-Rohn-Guides-Complete-Set-by-Jim-Rohn.pdf HTTP/1.1" 406 226
2026-06-20 12:47:18,426 - ERROR - _get_with_retry: non-retryable HTTP 406 for https://davidhason.com/wp-content/uploads/2024/01/The-Jim-Rohn-Guides-Complete-Set-by-Jim-Rohn.pdf
2026-06-20 12:47:19,638 - DEBUG - https://davidhason.com:443 "GET /wp-content/uploads/2024/01/The-Jim-Rohn-Guides-Complete-Set-by-Jim-Rohn.pdf HTTP/1.1" 406 226
2026-06-20 12:47:22,826 - DEBUG - Starting new HTTPS connection (1): ftp.arcchurches.com:443
2026-06-20 12:47:22,831 - DEBUG - Starting new HTTPS connection (1): ftp.arcchurches.com:443
2026-06-20 12:47:23,810 - DEBUG - https://davidhason.com:443 "GET /wp-content/uploads/2024/01/The-Jim-Rohn-Guides-Complete-Set-by-Jim-Rohn.pdf HTTP/1.1" 406 226
2026-06-20 12:47:23,810 - ERROR - _get_with_retry: non-retryable HTTP 406 for https://davidhason.com/wp-content/uploads/2024/01/The-Jim-Rohn-Guides-Complete-Set-by-Jim-Rohn.pdf
2026-06-20 12:47:27,618 - DEBUG - https://ftp.arcchurches.com:443 "GET /default.aspx/mL50G9/602619/The%20Art%20Of%20Exceptional%20Living%20Jim%20Rohn.pdf HTTP/1.1" 403 None
2026-06-20 12:47:27,619 - ERROR - _get_with_retry: non-retryable HTTP 403 for https://ftp.arcchurches.com/default.aspx/mL50G9/602619/The%20Art%20Of%20Exceptional%20Living%20Jim%20Rohn.pdf
2026-06-20 12:47:27,840 - DEBUG - https://ftp.arcchurches.com:443 "GET /default.aspx/mL50G9/602619/The%20Art%20Of%20Exceptional%20Living%20Jim%20Rohn.pdf HTTP/1.1" 403 None
2026-06-20 12:47:29,543 - DEBUG - Starting new HTTPS connection (1): singjupost.com:443
2026-06-20 12:47:29,549 - DEBUG - Starting new HTTPS connection (1): singjupost.com:443
2026-06-20 12:47:31,495 - DEBUG - https://singjupost.com:443 "GET /wp-content/uploads/2020/03/The-Diseases-of-Attitude_-Jim-Rohn-Full-Transcript.pdf HTTP/1.1" 200 91299
2026-06-20 12:47:31,559 - DEBUG - https://singjupost.com:443 "GET /wp-content/uploads/2020/03/The-Diseases-of-Attitude_-Jim-Rohn-Full-Transcript.pdf HTTP/1.1" 200 91299
2026-06-20 12:47:32,156 - ERROR - preview_pdf error: Unable to get page count. Is poppler installed and in PATH?
2026-06-20 13:04:43,622 - DEBUG - Starting new HTTPS connection (1): serpapi.com:443
2026-06-20 13:04:46,321 - DEBUG - https://serpapi.com:443 "GET /search?q=Jim+rohn+filetype%3Apdf&api_key=fdb20e84adcafd76bfed7714bf3dbff659c6deaa19193d4bc0c5697ceadd83cf&engine=google&num=20&start=0&output=json HTTP/1.1" 200 None
2026-06-20 13:04:46,371 - DEBUG - Starting new HTTPS connection (1): serpapi.com:443
2026-06-20 13:04:48,858 - DEBUG - https://serpapi.com:443 "GET /search?q=Jim+rohn+filetype%3Apdf&api_key=fdb20e84adcafd76bfed7714bf3dbff659c6deaa19193d4bc0c5697ceadd83cf&engine=google&num=20&start=20&output=json HTTP/1.1" 200 None
2026-06-20 13:04:48,862 - DEBUG - Starting new HTTPS connection (1): serpapi.com:443
2026-06-20 13:04:52,213 - DEBUG - https://serpapi.com:443 "GET /search?q=Jim+rohn+filetype%3Apdf&api_key=fdb20e84adcafd76bfed7714bf3dbff659c6deaa19193d4bc0c5697ceadd83cf&engine=google&num=20&start=40&output=json HTTP/1.1" 200 None
2026-06-20 13:04:55,263 - DEBUG - Starting new HTTPS connection (1): davidhason.com:443
2026-06-20 13:04:55,274 - DEBUG - Starting new HTTPS connection (1): davidhason.com:443
2026-06-20 13:04:56,937 - DEBUG - https://davidhason.com:443 "GET /wp-content/uploads/2024/01/The-Jim-Rohn-Guides-Complete-Set-by-Jim-Rohn.pdf HTTP/1.1" 406 226
2026-06-20 13:04:56,938 - ERROR - _get_with_retry: non-retryable HTTP 406 for https://davidhason.com/wp-content/uploads/2024/01/The-Jim-Rohn-Guides-Complete-Set-by-Jim-Rohn.pdf
2026-06-20 13:04:56,938 - DEBUG - https://davidhason.com:443 "GET /wp-content/uploads/2024/01/The-Jim-Rohn-Guides-Complete-Set-by-Jim-Rohn.pdf HTTP/1.1" 406 226
2026-06-20 13:05:04,501 - DEBUG - Starting new HTTPS connection (1): agentsboost.com:443
2026-06-20 13:05:04,504 - DEBUG - Starting new HTTPS connection (1): agentsboost.com:443
2026-06-20 13:05:06,052 - DEBUG - https://agentsboost.com:443 "GET /wp-content/uploads/Jim-Rohn-EBook-Five-Major-Pieces.pdf HTTP/1.1" 200 1682760
2026-06-20 13:05:06,117 - DEBUG - https://agentsboost.com:443 "GET /wp-content/uploads/Jim-Rohn-EBook-Five-Major-Pieces.pdf HTTP/1.1" 200 1682760
2026-06-20 13:05:13,054 - ERROR - preview_pdf error: Unable to get page count. Is poppler installed and in PATH?
2026-06-20 13:08:16,441 - DEBUG - Starting new HTTPS connection (1): serpapi.com:443
2026-06-20 13:08:24,312 - DEBUG - https://serpapi.com:443 "GET /search?q=Jim+Rohn+filetype%3Apdf&api_key=fdb20e84adcafd76bfed7714bf3dbff659c6deaa19193d4bc0c5697ceadd83cf&engine=google&num=20&start=0&output=json HTTP/1.1" 200 None
2026-06-20 13:08:24,316 - DEBUG - Starting new HTTPS connection (1): serpapi.com:443
2026-06-20 13:08:31,712 - DEBUG - https://serpapi.com:443 "GET /search?q=Jim+Rohn+filetype%3Apdf&api_key=fdb20e84adcafd76bfed7714bf3dbff659c6deaa19193d4bc0c5697ceadd83cf&engine=google&num=20&start=20&output=json HTTP/1.1" 200 None
2026-06-20 13:08:31,726 - DEBUG - Starting new HTTPS connection (1): serpapi.com:443
2026-06-20 13:08:40,772 - DEBUG - https://serpapi.com:443 "GET /search?q=Jim+Rohn+filetype%3Apdf&api_key=fdb20e84adcafd76bfed7714bf3dbff659c6deaa19193d4bc0c5697ceadd83cf&engine=google&num=20&start=40&output=json HTTP/1.1" 200 None
2026-06-20 13:08:44,571 - DEBUG - Starting new HTTPS connection (1): mcsprogram.org:443
2026-06-20 13:08:44,582 - DEBUG - Starting new HTTPS connection (1): mcsprogram.org:443
2026-06-20 13:08:47,770 - DEBUG - https://mcsprogram.org:443 "GET /default.aspx/u11H58/242148/Jim%20Rohn.pdf HTTP/1.1" 200 571
2026-06-20 13:08:47,781 - ERROR - preview_pdf error: Unable to get page count. Is poppler installed and in PATH?
2026-06-20 13:08:47,917 - DEBUG - https://mcsprogram.org:443 "GET /default.aspx/u11H58/242148/Jim%20Rohn.pdf HTTP/1.1" 200 571
2026-06-20 13:08:48,562 - ERROR - validate_pdf_file: EOF marker not found
2026-06-20 13:08:52,311 - DEBUG - Starting new HTTP connection (1): www.ronchenier.com:80
2026-06-20 13:08:52,314 - DEBUG - Starting new HTTP connection (1): www.ronchenier.com:80
2026-06-20 13:08:53,175 - DEBUG - http://www.ronchenier.com:80 "GET /assets/Jim%20Rohn%20-%20I%20owe%20it%20all%20to%20Bill%20Bailey4.pdf HTTP/1.1" 200 1390626
2026-06-20 13:08:53,177 - DEBUG - http://www.ronchenier.com:80 "GET /assets/Jim%20Rohn%20-%20I%20owe%20it%20all%20to%20Bill%20Bailey4.pdf HTTP/1.1" 200 1390626
2026-06-20 13:08:53,601 - ERROR - preview_pdf error: Unable to get page count. Is poppler installed and in PATH?
2026-06-20 13:08:56,488 - DEBUG - Starting new HTTPS connection (1): agentsboost.com:443
2026-06-20 13:08:56,489 - DEBUG - Starting new HTTPS connection (1): agentsboost.com:443
2026-06-20 13:09:12,644 - DEBUG - Starting new HTTPS connection (1): www.appleseeds.org:443
2026-06-20 13:09:13,705 - DEBUG - https://agentsboost.com:443 "GET /wp-content/uploads/Jim-Rohn-EBook-Five-Major-Pieces.pdf HTTP/1.1" 200 1682760
2026-06-20 13:09:13,707 - DEBUG - https://agentsboost.com:443 "GET /wp-content/uploads/Jim-Rohn-EBook-Five-Major-Pieces.pdf HTTP/1.1" 200 1682760
2026-06-20 13:09:14,264 - DEBUG - Starting new HTTPS connection (1): www.appleseeds.org:443
2026-06-20 13:09:15,559 - DEBUG - https://www.appleseeds.org:443 "GET /PDF%20Files/07-08/Rohn_Create-Character.pdf HTTP/1.1" 200 37278
2026-06-20 13:09:15,904 - ERROR - preview_pdf error: Unable to get page count. Is poppler installed and in PATH?
2026-06-20 13:09:16,446 - DEBUG - https://www.appleseeds.org:443 "GET /PDF%20Files/07-08/Rohn_Create-Character.pdf HTTP/1.1" 200 37278
2026-06-20 13:09:20,902 - ERROR - preview_pdf error: Unable to get page count. Is poppler installed and in PATH?
2026-06-20 14:55:40,373 - DEBUG - Starting new HTTPS connection (1): serpapi.com:443
2026-06-20 14:55:43,940 - DEBUG - https://serpapi.com:443 "GET /search?q=AI+filetype%3Apdf&api_key=fdb20e84adcafd76bfed7714bf3dbff659c6deaa19193d4bc0c5697ceadd83cf&engine=google&num=20&start=0&output=json HTTP/1.1" 200 None
2026-06-20 14:55:43,990 - DEBUG - Starting new HTTPS connection (1): serpapi.com:443
2026-06-20 14:55:53,523 - DEBUG - https://serpapi.com:443 "GET /search?q=AI+filetype%3Apdf&api_key=fdb20e84adcafd76bfed7714bf3dbff659c6deaa19193d4bc0c5697ceadd83cf&engine=google&num=20&start=20&output=json HTTP/1.1" 200 None
2026-06-20 14:55:53,529 - DEBUG - Starting new HTTPS connection (1): serpapi.com:443
2026-06-20 14:56:00,622 - DEBUG - https://serpapi.com:443 "GET /search?q=AI+filetype%3Apdf&api_key=fdb20e84adcafd76bfed7714bf3dbff659c6deaa19193d4bc0c5697ceadd83cf&engine=google&num=20&start=40&output=json HTTP/1.1" 200 None
2026-06-20 14:56:18,526 - DEBUG - Starting new HTTPS connection (1): www.whitehouse.gov:443
2026-06-20 14:56:20,452 - DEBUG - Starting new HTTPS connection (1): www.whitehouse.gov:443
2026-06-20 14:56:20,706 - DEBUG - Starting new HTTPS connection (1): www.whitehouse.gov:443
2026-06-20 14:56:22,087 - DEBUG - Starting new HTTPS connection (1): www.whitehouse.gov:443
2026-06-20 14:56:23,410 - DEBUG - https://www.whitehouse.gov:443 "GET /wp-content/uploads/2025/07/Americas-AI-Action-Plan.pdf HTTP/1.1" 200 521617
2026-06-20 14:56:24,069 - DEBUG - https://www.whitehouse.gov:443 "GET /wp-content/uploads/2025/07/Americas-AI-Action-Plan.pdf HTTP/1.1" 200 521617
2026-06-20 14:56:24,077 - ERROR - preview_pdf error: Unable to get page count. Is poppler installed and in PATH?
2026-06-20 14:56:24,080 - DEBUG - Starting new HTTPS connection (1): www.whitehouse.gov:443
2026-06-20 14:56:24,089 - DEBUG - https://www.whitehouse.gov:443 "GET /wp-content/uploads/2025/07/Americas-AI-Action-Plan.pdf HTTP/1.1" 200 521617
2026-06-20 14:56:24,307 - DEBUG - https://www.whitehouse.gov:443 "GET /wp-content/uploads/2025/07/Americas-AI-Action-Plan.pdf HTTP/1.1" 200 521617
2026-06-20 14:56:24,809 - ERROR - preview_pdf error: Unable to get page count. Is poppler installed and in PATH?
2026-06-20 14:56:24,809 - ERROR - preview_pdf error: Unable to get page count. Is poppler installed and in PATH?
2026-06-20 14:56:24,937 - DEBUG - https://www.whitehouse.gov:443 "GET /wp-content/uploads/2025/07/Americas-AI-Action-Plan.pdf HTTP/1.1" 200 521617
2026-06-20 14:56:24,997 - ERROR - preview_pdf error: Unable to get page count. Is poppler installed and in PATH?
